0 info it worked if it ends with ok
1 verbose cli [ '/usr/local/bin/node',
1 verbose cli   '/usr/local/bin/npm',
1 verbose cli   'install',
1 verbose cli   '--save',
1 verbose cli   'mkdirp' ]
2 info using npm@3.3.6
3 info using node@v4.1.2
4 silly loadCurrentTree Starting
5 silly install loadCurrentTree
6 silly install readLocalPackageData
7 silly fetchPackageMetaData mkdirp
8 silly fetchNamedPackageData mkdirp
9 silly mapToRegistry name mkdirp
10 silly mapToRegistry using default registry
11 silly mapToRegistry registry https://registry.npmjs.org/
12 silly mapToRegistry uri https://registry.npmjs.org/mkdirp
13 verbose request uri https://registry.npmjs.org/mkdirp
14 verbose request no auth needed
15 info attempt registry request try #1 at 21:52:20
16 verbose request id 07d453e01328dbc3
17 verbose etag "AX3EZVYG80BPU7C3KCWIPQE2C"
18 http request GET https://registry.npmjs.org/mkdirp
19 http 304 https://registry.npmjs.org/mkdirp
20 verbose headers { date: 'Sun, 18 Oct 2015 13:53:17 GMT',
20 verbose headers   via: '1.1 varnish',
20 verbose headers   'cache-control': 'max-age=60',
20 verbose headers   etag: '"AX3EZVYG80BPU7C3KCWIPQE2C"',
20 verbose headers   age: '3',
20 verbose headers   connection: 'keep-alive',
20 verbose headers   'x-served-by': 'cache-ams4130-AMS',
20 verbose headers   'x-cache': 'HIT',
20 verbose headers   'x-cache-hits': '1933',
20 verbose headers   'x-timer': 'S1445176397.384007,VS0,VE0',
20 verbose headers   vary: 'Accept' }
21 silly get cb [ 304,
21 silly get   { date: 'Sun, 18 Oct 2015 13:53:17 GMT',
21 silly get     via: '1.1 varnish',
21 silly get     'cache-control': 'max-age=60',
21 silly get     etag: '"AX3EZVYG80BPU7C3KCWIPQE2C"',
21 silly get     age: '3',
21 silly get     connection: 'keep-alive',
21 silly get     'x-served-by': 'cache-ams4130-AMS',
21 silly get     'x-cache': 'HIT',
21 silly get     'x-cache-hits': '1933',
21 silly get     'x-timer': 'S1445176397.384007,VS0,VE0',
21 silly get     vary: 'Accept' } ]
22 verbose etag https://registry.npmjs.org/mkdirp from cache
23 verbose get saving mkdirp to /Users/XDD-DESIGN/.npm/registry.npmjs.org/mkdirp/.cache.json
24 silly install normalizeTree
25 silly loadCurrentTree Finishing
26 silly loadIdealTree Starting
27 silly install loadIdealTree
28 silly cloneCurrentTree Starting
29 silly install cloneCurrentTreeToIdealTree
30 silly cloneCurrentTree Finishing
31 silly loadShrinkwrap Starting
32 silly install loadShrinkwrap
33 silly loadShrinkwrap Finishing
34 silly loadAllDepsIntoIdealTree Starting
35 silly install loadAllDepsIntoIdealTree
36 silly resolveWithNewModule mkdirp@0.5.1 checking installable status
37 silly cache add args [ 'mkdirp', null ]
38 verbose cache add spec mkdirp
39 silly cache add parsed spec Result {
39 silly cache add   raw: 'mkdirp',
39 silly cache add   scope: null,
39 silly cache add   name: 'mkdirp',
39 silly cache add   rawSpec: '',
39 silly cache add   spec: '*',
39 silly cache add   type: 'range' }
40 silly addNamed mkdirp@*
41 verbose addNamed "*" is a valid semver range for mkdirp
42 silly addNameRange { name: 'mkdirp', range: '*', hasData: false }
43 silly mapToRegistry name mkdirp
44 silly mapToRegistry using default registry
45 silly mapToRegistry registry https://registry.npmjs.org/
46 silly mapToRegistry uri https://registry.npmjs.org/mkdirp
47 verbose addNameRange registry:https://registry.npmjs.org/mkdirp not in flight; fetching
48 verbose get https://registry.npmjs.org/mkdirp not expired, no request
49 silly addNameRange number 2 { name: 'mkdirp', range: '*', hasData: true }
50 silly addNameRange versions [ 'mkdirp',
50 silly addNameRange   [ '0.0.1',
50 silly addNameRange     '0.0.2',
50 silly addNameRange     '0.0.3',
50 silly addNameRange     '0.0.4',
50 silly addNameRange     '0.0.5',
50 silly addNameRange     '0.0.6',
50 silly addNameRange     '0.0.7',
50 silly addNameRange     '0.1.0',
50 silly addNameRange     '0.2.0',
50 silly addNameRange     '0.2.1',
50 silly addNameRange     '0.2.2',
50 silly addNameRange     '0.3.0',
50 silly addNameRange     '0.3.1',
50 silly addNameRange     '0.3.2',
50 silly addNameRange     '0.3.3',
50 silly addNameRange     '0.3.4',
50 silly addNameRange     '0.3.5',
50 silly addNameRange     '0.4.0',
50 silly addNameRange     '0.4.1',
50 silly addNameRange     '0.4.2',
50 silly addNameRange     '0.5.0',
50 silly addNameRange     '0.5.1' ] ]
51 silly addNamed mkdirp@0.5.1
52 verbose addNamed "0.5.1" is a plain semver version for mkdirp
53 silly cache afterAdd mkdirp@0.5.1
54 verbose afterAdd /Users/XDD-DESIGN/.npm/mkdirp/0.5.1/package/package.json not in flight; writing
55 verbose afterAdd /Users/XDD-DESIGN/.npm/mkdirp/0.5.1/package/package.json written
56 silly fetchNamedPackageData minimist
57 silly mapToRegistry name minimist
58 silly mapToRegistry using default registry
59 silly mapToRegistry registry https://registry.npmjs.org/
60 silly mapToRegistry uri https://registry.npmjs.org/minimist
61 verbose request uri https://registry.npmjs.org/minimist
62 verbose request no auth needed
63 info attempt registry request try #1 at 21:53:18
64 verbose etag "8KSFL0H7A4MRQ5H0OV6209646"
65 http request GET https://registry.npmjs.org/minimist
66 http 304 https://registry.npmjs.org/minimist
67 verbose headers { date: 'Sun, 18 Oct 2015 13:53:19 GMT',
67 verbose headers   via: '1.1 varnish',
67 verbose headers   'cache-control': 'max-age=60',
67 verbose headers   etag: '"8KSFL0H7A4MRQ5H0OV6209646"',
67 verbose headers   age: '36',
67 verbose headers   connection: 'keep-alive',
67 verbose headers   'x-served-by': 'cache-ams4138-AMS',
67 verbose headers   'x-cache': 'HIT',
67 verbose headers   'x-cache-hits': '1',
67 verbose headers   'x-timer': 'S1445176399.966039,VS0,VE0',
67 verbose headers   vary: 'Accept' }
68 silly get cb [ 304,
68 silly get   { date: 'Sun, 18 Oct 2015 13:53:19 GMT',
68 silly get     via: '1.1 varnish',
68 silly get     'cache-control': 'max-age=60',
68 silly get     etag: '"8KSFL0H7A4MRQ5H0OV6209646"',
68 silly get     age: '36',
68 silly get     connection: 'keep-alive',
68 silly get     'x-served-by': 'cache-ams4138-AMS',
68 silly get     'x-cache': 'HIT',
68 silly get     'x-cache-hits': '1',
68 silly get     'x-timer': 'S1445176399.966039,VS0,VE0',
68 silly get     vary: 'Accept' } ]
69 verbose etag https://registry.npmjs.org/minimist from cache
70 verbose get saving minimist to /Users/XDD-DESIGN/.npm/registry.npmjs.org/minimist/.cache.json
71 silly resolveWithNewModule minimist@0.0.8 checking installable status
72 silly cache add args [ 'minimist@0.0.8', null ]
73 verbose cache add spec minimist@0.0.8
74 silly cache add parsed spec Result {
74 silly cache add   raw: 'minimist@0.0.8',
74 silly cache add   scope: null,
74 silly cache add   name: 'minimist',
74 silly cache add   rawSpec: '0.0.8',
74 silly cache add   spec: '0.0.8',
74 silly cache add   type: 'version' }
75 silly addNamed minimist@0.0.8
76 verbose addNamed "0.0.8" is a plain semver version for minimist
77 silly mapToRegistry name minimist
78 silly mapToRegistry using default registry
79 silly mapToRegistry registry https://registry.npmjs.org/
80 silly mapToRegistry uri https://registry.npmjs.org/minimist
81 verbose addNameVersion registry:https://registry.npmjs.org/minimist not in flight; fetching
82 verbose get https://registry.npmjs.org/minimist not expired, no request
83 silly cache afterAdd minimist@0.0.8
84 verbose afterAdd /Users/XDD-DESIGN/.npm/minimist/0.0.8/package/package.json not in flight; writing
85 verbose afterAdd /Users/XDD-DESIGN/.npm/minimist/0.0.8/package/package.json written
86 silly loadAllDepsIntoIdealTree Finishing
87 silly idealTree:prePrune generator-mod-gongyi@1.0.0
87 silly idealTree:prePrune ├── abbrev@1.0.7
87 silly idealTree:prePrune ├── amdefine@1.0.0
87 silly idealTree:prePrune ├── ansi-regex@2.0.0
87 silly idealTree:prePrune ├── ansi-styles@2.1.0
87 silly idealTree:prePrune ├── archive-type@3.0.1
87 silly idealTree:prePrune ├── array-differ@1.0.0
87 silly idealTree:prePrune ├── array-union@1.0.1
87 silly idealTree:prePrune ├── array-uniq@1.0.2
87 silly idealTree:prePrune ├── ast-query@1.0.1
87 silly idealTree:prePrune ├── async@1.4.2
87 silly idealTree:prePrune ├── balanced-match@0.2.0
87 silly idealTree:prePrune ├── beeper@1.1.0
87 silly idealTree:prePrune ├── binaryextensions@1.0.0
87 silly idealTree:prePrune ├── bl@1.0.0
87 silly idealTree:prePrune ├── boolbase@1.0.0
87 silly idealTree:prePrune ├── brace-expansion@1.1.1
87 silly idealTree:prePrune ├─┬ buffer-to-vinyl@1.0.1
87 silly idealTree:prePrune │ └── vinyl@0.5.3
87 silly idealTree:prePrune ├── builtin-modules@1.1.0
87 silly idealTree:prePrune ├── camelcase-keys@1.0.0
87 silly idealTree:prePrune ├── camelcase@1.2.1
87 silly idealTree:prePrune ├── capture-stack-trace@1.0.0
87 silly idealTree:prePrune ├─┬ caw@1.1.0
87 silly idealTree:prePrune │ └── object-assign@3.0.0
87 silly idealTree:prePrune ├── chalk@1.1.1
87 silly idealTree:prePrune ├── cheerio@0.19.0
87 silly idealTree:prePrune ├── class-extend@0.1.2
87 silly idealTree:prePrune ├── cli-table@0.3.1
87 silly idealTree:prePrune ├── cli-width@1.1.0
87 silly idealTree:prePrune ├── clone-stats@0.0.1
87 silly idealTree:prePrune ├── clone@1.0.2
87 silly idealTree:prePrune ├── co@3.1.0
87 silly idealTree:prePrune ├── colors@1.0.3
87 silly idealTree:prePrune ├── commander@2.8.1
87 silly idealTree:prePrune ├── commondir@1.0.1
87 silly idealTree:prePrune ├── concat-map@0.0.1
87 silly idealTree:prePrune ├── concat-stream@1.5.0
87 silly idealTree:prePrune ├── convert-source-map@1.1.1
87 silly idealTree:prePrune ├── core-util-is@1.0.1
87 silly idealTree:prePrune ├── create-error-class@2.0.1
87 silly idealTree:prePrune ├── cross-spawn-async@2.0.0
87 silly idealTree:prePrune ├── cross-spawn@2.0.0
87 silly idealTree:prePrune ├── css-select@1.0.0
87 silly idealTree:prePrune ├── css-what@1.0.0
87 silly idealTree:prePrune ├── dargs@4.0.1
87 silly idealTree:prePrune ├── dateformat@1.0.11
87 silly idealTree:prePrune ├── debug@2.2.0
87 silly idealTree:prePrune ├─┬ decompress-tar@3.1.0
87 silly idealTree:prePrune │ ├── clone@0.2.0
87 silly idealTree:prePrune │ ├── readable-stream@1.0.33
87 silly idealTree:prePrune │ ├── through2@0.6.5
87 silly idealTree:prePrune │ └── vinyl@0.4.6
87 silly idealTree:prePrune ├─┬ decompress-tarbz2@3.1.0
87 silly idealTree:prePrune │ ├── clone@0.2.0
87 silly idealTree:prePrune │ ├── readable-stream@1.0.33
87 silly idealTree:prePrune │ ├── through2@0.6.5
87 silly idealTree:prePrune │ └── vinyl@0.4.6
87 silly idealTree:prePrune ├─┬ decompress-targz@3.1.0
87 silly idealTree:prePrune │ ├── clone@0.2.0
87 silly idealTree:prePrune │ ├── readable-stream@1.0.33
87 silly idealTree:prePrune │ ├── through2@0.6.5
87 silly idealTree:prePrune │ └── vinyl@0.4.6
87 silly idealTree:prePrune ├── decompress-unzip@3.4.0
87 silly idealTree:prePrune ├── decompress@2.3.0
87 silly idealTree:prePrune ├── deep-extend@0.2.11
87 silly idealTree:prePrune ├── deep-is@0.1.3
87 silly idealTree:prePrune ├── detect-conflict@1.0.0
87 silly idealTree:prePrune ├─┬ detect-newline@1.0.3
87 silly idealTree:prePrune │ └── get-stdin@4.0.1
87 silly idealTree:prePrune ├── diff@2.1.3
87 silly idealTree:prePrune ├─┬ dom-serializer@0.1.0
87 silly idealTree:prePrune │ └── domelementtype@1.1.3
87 silly idealTree:prePrune ├── domelementtype@1.3.0
87 silly idealTree:prePrune ├── domhandler@2.3.0
87 silly idealTree:prePrune ├── domutils@1.4.3
87 silly idealTree:prePrune ├─┬ download@4.3.1
87 silly idealTree:prePrune │ └── object-assign@4.0.1
87 silly idealTree:prePrune ├── duplexer2@0.1.2
87 silly idealTree:prePrune ├── duplexify@3.4.2
87 silly idealTree:prePrune ├── each-async@1.1.1
87 silly idealTree:prePrune ├── ejs@2.3.4
87 silly idealTree:prePrune ├── end-of-stream@1.0.0
87 silly idealTree:prePrune ├── entities@1.1.1
87 silly idealTree:prePrune ├── error-ex@1.2.0
87 silly idealTree:prePrune ├── escape-string-regexp@1.0.3
87 silly idealTree:prePrune ├─┬ escodegen@1.7.0
87 silly idealTree:prePrune │ └── esprima@1.2.5
87 silly idealTree:prePrune ├── esprima@2.6.0
87 silly idealTree:prePrune ├── estraverse@1.9.3
87 silly idealTree:prePrune ├── esutils@2.0.2
87 silly idealTree:prePrune ├── fast-levenshtein@1.0.7
87 silly idealTree:prePrune ├── fd-slicer@1.0.1
87 silly idealTree:prePrune ├── figures@1.4.0
87 silly idealTree:prePrune ├── file-type@2.12.0
87 silly idealTree:prePrune ├── filename-reserved-regex@1.0.0
87 silly idealTree:prePrune ├── filenamify@1.2.0
87 silly idealTree:prePrune ├── find-index@0.1.1
87 silly idealTree:prePrune ├─┬ find-up@1.0.0
87 silly idealTree:prePrune │ └── path-exists@2.0.0
87 silly idealTree:prePrune ├─┬ findup-sync@0.2.1
87 silly idealTree:prePrune │ └── glob@4.3.5
87 silly idealTree:prePrune ├── first-chunk-stream@1.0.0
87 silly idealTree:prePrune ├── formatio@1.1.1
87 silly idealTree:prePrune ├── get-proxy@1.0.1
87 silly idealTree:prePrune ├── get-stdin@5.0.0
87 silly idealTree:prePrune ├─┬ gh-got@1.1.0
87 silly idealTree:prePrune │ └─┬ got@3.3.1
87 silly idealTree:prePrune │   └── object-assign@3.0.0
87 silly idealTree:prePrune ├── github-username@2.0.0
87 silly idealTree:prePrune ├─┬ glob-stream@5.0.0
87 silly idealTree:prePrune │ ├── readable-stream@1.0.33
87 silly idealTree:prePrune │ └── through2@0.6.5
87 silly idealTree:prePrune ├── glob@5.0.15
87 silly idealTree:prePrune ├── glob2base@0.0.12
87 silly idealTree:prePrune ├─┬ globby@2.1.0
87 silly idealTree:prePrune │ └── object-assign@3.0.0
87 silly idealTree:prePrune ├─┬ got@4.2.0
87 silly idealTree:prePrune │ └── object-assign@3.0.0
87 silly idealTree:prePrune ├── graceful-fs@4.1.2
87 silly idealTree:prePrune ├── graceful-readlink@1.0.1
87 silly idealTree:prePrune ├─┬ grouped-queue@0.3.0
87 silly idealTree:prePrune │ └── lodash@2.4.2
87 silly idealTree:prePrune ├── gruntfile-editor@1.0.0
87 silly idealTree:prePrune ├── gulp-decompress@1.1.0
87 silly idealTree:prePrune ├── gulp-rename@1.2.2
87 silly idealTree:prePrune ├── gulp-sourcemaps@1.6.0
87 silly idealTree:prePrune ├─┬ gulp-util@3.0.6
87 silly idealTree:prePrune │ ├── object-assign@3.0.0
87 silly idealTree:prePrune │ └── vinyl@0.5.3
87 silly idealTree:prePrune ├── has-ansi@2.0.0
87 silly idealTree:prePrune ├── hosted-git-info@2.1.4
87 silly idealTree:prePrune ├── html-wiring@1.2.0
87 silly idealTree:prePrune ├─┬ htmlparser2@3.8.3
87 silly idealTree:prePrune │ ├── domutils@1.5.1
87 silly idealTree:prePrune │ ├── entities@1.0.0
87 silly idealTree:prePrune │ └── readable-stream@1.1.13
87 silly idealTree:prePrune ├── indent-string@2.1.0
87 silly idealTree:prePrune ├── infinity-agent@2.0.3
87 silly idealTree:prePrune ├── inflight@1.0.4
87 silly idealTree:prePrune ├── inherits@2.0.1
87 silly idealTree:prePrune ├── ini@1.3.4
87 silly idealTree:prePrune ├─┬ inquirer@0.8.5
87 silly idealTree:prePrune │ └── ansi-regex@1.1.1
87 silly idealTree:prePrune ├── is-absolute@0.1.7
87 silly idealTree:prePrune ├── is-builtin-module@1.0.0
87 silly idealTree:prePrune ├── is-bzip2@1.0.0
87 silly idealTree:prePrune ├── is-finite@1.0.1
87 silly idealTree:prePrune ├── is-gzip@1.0.0
87 silly idealTree:prePrune ├── is-natural-number@2.0.0
87 silly idealTree:prePrune ├── is-obj@1.0.0
87 silly idealTree:prePrune ├── is-plain-obj@1.0.0
87 silly idealTree:prePrune ├── is-redirect@1.0.0
87 silly idealTree:prePrune ├── is-relative@0.1.3
87 silly idealTree:prePrune ├── is-stream@1.0.1
87 silly idealTree:prePrune ├── is-tar@1.0.0
87 silly idealTree:prePrune ├── is-url@1.2.1
87 silly idealTree:prePrune ├── is-utf8@0.2.0
87 silly idealTree:prePrune ├── is-valid-glob@0.3.0
87 silly idealTree:prePrune ├── is-zip@1.0.0
87 silly idealTree:prePrune ├── isarray@0.0.1
87 silly idealTree:prePrune ├── isstream@0.1.2
87 silly idealTree:prePrune ├── istextorbinary@1.0.2
87 silly idealTree:prePrune ├── levn@0.2.5
87 silly idealTree:prePrune ├── load-json-file@1.0.1
87 silly idealTree:prePrune ├── lodash._basecopy@3.0.1
87 silly idealTree:prePrune ├── lodash._basetostring@3.0.1
87 silly idealTree:prePrune ├── lodash._basevalues@3.0.0
87 silly idealTree:prePrune ├── lodash._getnative@3.9.1
87 silly idealTree:prePrune ├── lodash._isiterateecall@3.0.9
87 silly idealTree:prePrune ├── lodash._reescape@3.0.0
87 silly idealTree:prePrune ├── lodash._reevaluate@3.0.0
87 silly idealTree:prePrune ├── lodash._reinterpolate@3.0.0
87 silly idealTree:prePrune ├── lodash.escape@3.0.0
87 silly idealTree:prePrune ├── lodash.isarguments@3.0.4
87 silly idealTree:prePrune ├── lodash.isarray@3.0.4
87 silly idealTree:prePrune ├── lodash.keys@3.1.2
87 silly idealTree:prePrune ├── lodash.restparam@3.6.1
87 silly idealTree:prePrune ├── lodash.template@3.6.2
87 silly idealTree:prePrune ├── lodash.templatesettings@3.1.0
87 silly idealTree:prePrune ├── lodash@3.10.1
87 silly idealTree:prePrune ├── log-symbols@1.0.2
87 silly idealTree:prePrune ├── lolex@1.3.2
87 silly idealTree:prePrune ├── loud-rejection@1.0.0
87 silly idealTree:prePrune ├── lowercase-keys@1.0.0
87 silly idealTree:prePrune ├── lru-cache@2.7.0
87 silly idealTree:prePrune ├── map-obj@1.0.1
87 silly idealTree:prePrune ├─┬ mem-fs-editor@2.0.4
87 silly idealTree:prePrune │ └── vinyl@0.5.3
87 silly idealTree:prePrune ├─┬ mem-fs@1.1.0
87 silly idealTree:prePrune │ ├── clone@0.2.0
87 silly idealTree:prePrune │ ├── readable-stream@1.0.33
87 silly idealTree:prePrune │ ├── through2@0.6.5
87 silly idealTree:prePrune │ └── vinyl@0.4.6
87 silly idealTree:prePrune ├─┬ meow@3.4.2
87 silly idealTree:prePrune │ └── object-assign@4.0.1
87 silly idealTree:prePrune ├── merge-stream@1.0.0
87 silly idealTree:prePrune ├── mime@1.3.4
87 silly idealTree:prePrune ├── minimatch@2.0.10
87 silly idealTree:prePrune ├── minimist@1.2.0
87 silly idealTree:prePrune ├─┬ mkdirp@0.5.1
87 silly idealTree:prePrune │ └── minimist@0.0.8
87 silly idealTree:prePrune ├── ms@0.7.1
87 silly idealTree:prePrune ├── multimatch@2.0.0
87 silly idealTree:prePrune ├─┬ multipipe@0.1.2
87 silly idealTree:prePrune │ ├── duplexer2@0.0.2
87 silly idealTree:prePrune │ └── readable-stream@1.1.13
87 silly idealTree:prePrune ├── mute-stream@0.0.4
87 silly idealTree:prePrune ├── nested-error-stacks@1.0.1
87 silly idealTree:prePrune ├── node-status-codes@1.0.0
87 silly idealTree:prePrune ├── nopt@3.0.4
87 silly idealTree:prePrune ├── normalize-package-data@2.3.4
87 silly idealTree:prePrune ├── nth-check@1.0.1
87 silly idealTree:prePrune ├── number-is-nan@1.0.0
87 silly idealTree:prePrune ├── object-assign@2.1.1
87 silly idealTree:prePrune ├── once@1.3.2
87 silly idealTree:prePrune ├── onetime@1.0.0
87 silly idealTree:prePrune ├── optionator@0.5.0
87 silly idealTree:prePrune ├─┬ ordered-read-streams@0.2.0
87 silly idealTree:prePrune │ └── readable-stream@1.1.13
87 silly idealTree:prePrune ├── os-homedir@1.0.1
87 silly idealTree:prePrune ├── os-shim@0.1.3
87 silly idealTree:prePrune ├── parse-json@2.2.0
87 silly idealTree:prePrune ├── path-exists@1.0.0
87 silly idealTree:prePrune ├── path-is-absolute@1.0.0
87 silly idealTree:prePrune ├── path-type@1.0.0
87 silly idealTree:prePrune ├── pend@1.2.0
87 silly idealTree:prePrune ├── pify@2.2.0
87 silly idealTree:prePrune ├── pinkie-promise@1.0.0
87 silly idealTree:prePrune ├── pinkie@1.0.0
87 silly idealTree:prePrune ├── prelude-ls@1.1.2
87 silly idealTree:prePrune ├── prepend-http@1.0.3
87 silly idealTree:prePrune ├─┬ pretty-bytes@2.0.1
87 silly idealTree:prePrune │ └── get-stdin@4.0.1
87 silly idealTree:prePrune ├── process-nextick-args@1.0.3
87 silly idealTree:prePrune ├─┬ rc@0.5.5
87 silly idealTree:prePrune │ └── minimist@0.0.10
87 silly idealTree:prePrune ├── read-all-stream@3.0.1
87 silly idealTree:prePrune ├── read-chunk@1.0.1
87 silly idealTree:prePrune ├── read-pkg-up@1.0.1
87 silly idealTree:prePrune ├── read-pkg@1.1.0
87 silly idealTree:prePrune ├── readable-stream@2.0.2
87 silly idealTree:prePrune ├─┬ readline2@0.1.1
87 silly idealTree:prePrune │ ├── ansi-regex@1.1.1
87 silly idealTree:prePrune │ └── strip-ansi@2.0.1
87 silly idealTree:prePrune ├── redent@1.0.0
87 silly idealTree:prePrune ├── repeating@2.0.0
87 silly idealTree:prePrune ├── replace-ext@0.0.1
87 silly idealTree:prePrune ├── rimraf@2.4.3
87 silly idealTree:prePrune ├── run-async@0.1.0
87 silly idealTree:prePrune ├── rx@2.5.3
87 silly idealTree:prePrune ├── samsam@1.1.2
87 silly idealTree:prePrune ├── seek-bzip@1.0.5
87 silly idealTree:prePrune ├── semver@5.0.3
87 silly idealTree:prePrune ├── set-immediate-shim@1.0.1
87 silly idealTree:prePrune ├── setimmediate@1.0.4
87 silly idealTree:prePrune ├── shelljs@0.5.3
87 silly idealTree:prePrune ├── sinon@1.17.1
87 silly idealTree:prePrune ├── source-map@0.2.0
87 silly idealTree:prePrune ├── spawn-sync@1.0.13
87 silly idealTree:prePrune ├── spdx-correct@1.0.1
87 silly idealTree:prePrune ├── spdx-exceptions@1.0.3
87 silly idealTree:prePrune ├── spdx-expression-parse@1.0.0
87 silly idealTree:prePrune ├── spdx-license-ids@1.0.2
87 silly idealTree:prePrune ├── stat-mode@0.2.1
87 silly idealTree:prePrune ├── stream-combiner2@1.1.1
87 silly idealTree:prePrune ├── string_decoder@0.10.31
87 silly idealTree:prePrune ├── strip-ansi@3.0.0
87 silly idealTree:prePrune ├── strip-bom-stream@1.0.0
87 silly idealTree:prePrune ├── strip-bom@2.0.0
87 silly idealTree:prePrune ├─┬ strip-dirs@1.1.1
87 silly idealTree:prePrune │ └── get-stdin@4.0.1
87 silly idealTree:prePrune ├─┬ strip-indent@1.0.1
87 silly idealTree:prePrune │ └── get-stdin@4.0.1
87 silly idealTree:prePrune ├── strip-json-comments@0.1.3
87 silly idealTree:prePrune ├── strip-outer@1.0.0
87 silly idealTree:prePrune ├── sum-up@1.0.2
87 silly idealTree:prePrune ├── supports-color@2.0.0
87 silly idealTree:prePrune ├── tar-stream@1.2.2
87 silly idealTree:prePrune ├── text-table@0.2.0
87 silly idealTree:prePrune ├── textextensions@1.0.1
87 silly idealTree:prePrune ├── through@2.3.8
87 silly idealTree:prePrune ├── through2-filter@2.0.0
87 silly idealTree:prePrune ├── through2@2.0.0
87 silly idealTree:prePrune ├── timed-out@2.0.0
87 silly idealTree:prePrune ├── traverse@0.6.6
87 silly idealTree:prePrune ├── trim-newlines@1.0.0
87 silly idealTree:prePrune ├── trim-repeated@1.0.0
87 silly idealTree:prePrune ├── tunnel-agent@0.4.1
87 silly idealTree:prePrune ├── type-check@0.3.1
87 silly idealTree:prePrune ├── typedarray@0.0.6
87 silly idealTree:prePrune ├── underscore.string@3.2.2
87 silly idealTree:prePrune ├── unique-stream@2.2.0
87 silly idealTree:prePrune ├── untildify@2.1.0
87 silly idealTree:prePrune ├── unzip-response@1.0.0
87 silly idealTree:prePrune ├── user-home@2.0.0
87 silly idealTree:prePrune ├── util-deprecate@1.0.2
87 silly idealTree:prePrune ├── util@0.10.3
87 silly idealTree:prePrune ├── uuid@2.0.1
87 silly idealTree:prePrune ├── validate-npm-package-license@3.0.1
87 silly idealTree:prePrune ├─┬ vinyl-assign@1.2.1
87 silly idealTree:prePrune │ └── object-assign@4.0.1
87 silly idealTree:prePrune ├─┬ vinyl-file@1.2.1
87 silly idealTree:prePrune │ └── vinyl@0.5.3
87 silly idealTree:prePrune ├─┬ vinyl-fs@2.2.0
87 silly idealTree:prePrune │ └── object-assign@4.0.1
87 silly idealTree:prePrune ├── vinyl@1.0.0
87 silly idealTree:prePrune ├── ware@1.3.0
87 silly idealTree:prePrune ├── which@1.2.0
87 silly idealTree:prePrune ├── wordwrap@0.0.3
87 silly idealTree:prePrune ├── wrap-fn@0.1.4
87 silly idealTree:prePrune ├── wrappy@1.0.1
87 silly idealTree:prePrune ├── xdg-basedir@2.0.0
87 silly idealTree:prePrune ├── xtend@4.0.0
87 silly idealTree:prePrune ├── yauzl@2.3.1
87 silly idealTree:prePrune ├── yeoman-assert@2.1.0
87 silly idealTree:prePrune ├─┬ yeoman-environment@1.2.7
87 silly idealTree:prePrune │ └── diff@1.4.0
87 silly idealTree:prePrune ├── yeoman-generator@0.20.3
87 silly idealTree:prePrune └── yeoman-welcome@1.0.1
88 silly loadIdealTree Finishing
89 silly currentTree generator-mod-gongyi@1.0.0
89 silly currentTree ├── abbrev@1.0.7
89 silly currentTree ├── amdefine@1.0.0
89 silly currentTree ├── ansi-regex@2.0.0
89 silly currentTree ├── ansi-styles@2.1.0
89 silly currentTree ├── archive-type@3.0.1
89 silly currentTree ├── array-differ@1.0.0
89 silly currentTree ├── array-union@1.0.1
89 silly currentTree ├── array-uniq@1.0.2
89 silly currentTree ├── ast-query@1.0.1
89 silly currentTree ├── async@1.4.2
89 silly currentTree ├── balanced-match@0.2.0
89 silly currentTree ├── beeper@1.1.0
89 silly currentTree ├── binaryextensions@1.0.0
89 silly currentTree ├── bl@1.0.0
89 silly currentTree ├── boolbase@1.0.0
89 silly currentTree ├── brace-expansion@1.1.1
89 silly currentTree ├─┬ buffer-to-vinyl@1.0.1
89 silly currentTree │ └── vinyl@0.5.3
89 silly currentTree ├── builtin-modules@1.1.0
89 silly currentTree ├── camelcase-keys@1.0.0
89 silly currentTree ├── camelcase@1.2.1
89 silly currentTree ├── capture-stack-trace@1.0.0
89 silly currentTree ├─┬ caw@1.1.0
89 silly currentTree │ └── object-assign@3.0.0
89 silly currentTree ├── chalk@1.1.1
89 silly currentTree ├── cheerio@0.19.0
89 silly currentTree ├── class-extend@0.1.2
89 silly currentTree ├── cli-table@0.3.1
89 silly currentTree ├── cli-width@1.1.0
89 silly currentTree ├── clone-stats@0.0.1
89 silly currentTree ├── clone@1.0.2
89 silly currentTree ├── co@3.1.0
89 silly currentTree ├── colors@1.0.3
89 silly currentTree ├── commander@2.8.1
89 silly currentTree ├── commondir@1.0.1
89 silly currentTree ├── concat-map@0.0.1
89 silly currentTree ├── concat-stream@1.5.0
89 silly currentTree ├── convert-source-map@1.1.1
89 silly currentTree ├── core-util-is@1.0.1
89 silly currentTree ├── create-error-class@2.0.1
89 silly currentTree ├── cross-spawn-async@2.0.0
89 silly currentTree ├── cross-spawn@2.0.0
89 silly currentTree ├── css-select@1.0.0
89 silly currentTree ├── css-what@1.0.0
89 silly currentTree ├── dargs@4.0.1
89 silly currentTree ├── dateformat@1.0.11
89 silly currentTree ├── debug@2.2.0
89 silly currentTree ├─┬ decompress-tar@3.1.0
89 silly currentTree │ ├── clone@0.2.0
89 silly currentTree │ ├── readable-stream@1.0.33
89 silly currentTree │ ├── through2@0.6.5
89 silly currentTree │ └── vinyl@0.4.6
89 silly currentTree ├─┬ decompress-tarbz2@3.1.0
89 silly currentTree │ ├── clone@0.2.0
89 silly currentTree │ ├── readable-stream@1.0.33
89 silly currentTree │ ├── through2@0.6.5
89 silly currentTree │ └── vinyl@0.4.6
89 silly currentTree ├─┬ decompress-targz@3.1.0
89 silly currentTree │ ├── clone@0.2.0
89 silly currentTree │ ├── readable-stream@1.0.33
89 silly currentTree │ ├── through2@0.6.5
89 silly currentTree │ └── vinyl@0.4.6
89 silly currentTree ├── decompress-unzip@3.4.0
89 silly currentTree ├── decompress@2.3.0
89 silly currentTree ├── deep-extend@0.2.11
89 silly currentTree ├── deep-is@0.1.3
89 silly currentTree ├── detect-conflict@1.0.0
89 silly currentTree ├─┬ detect-newline@1.0.3
89 silly currentTree │ └── get-stdin@4.0.1
89 silly currentTree ├── diff@2.1.3
89 silly currentTree ├─┬ dom-serializer@0.1.0
89 silly currentTree │ └── domelementtype@1.1.3
89 silly currentTree ├── domelementtype@1.3.0
89 silly currentTree ├── domhandler@2.3.0
89 silly currentTree ├── domutils@1.4.3
89 silly currentTree ├─┬ download@4.3.1
89 silly currentTree │ └── object-assign@4.0.1
89 silly currentTree ├── duplexer2@0.1.2
89 silly currentTree ├── duplexify@3.4.2
89 silly currentTree ├── each-async@1.1.1
89 silly currentTree ├── ejs@2.3.4
89 silly currentTree ├── end-of-stream@1.0.0
89 silly currentTree ├── entities@1.1.1
89 silly currentTree ├── error-ex@1.2.0
89 silly currentTree ├── escape-string-regexp@1.0.3
89 silly currentTree ├─┬ escodegen@1.7.0
89 silly currentTree │ └── esprima@1.2.5
89 silly currentTree ├── esprima@2.6.0
89 silly currentTree ├── estraverse@1.9.3
89 silly currentTree ├── esutils@2.0.2
89 silly currentTree ├── fast-levenshtein@1.0.7
89 silly currentTree ├── fd-slicer@1.0.1
89 silly currentTree ├── figures@1.4.0
89 silly currentTree ├── file-type@2.12.0
89 silly currentTree ├── filename-reserved-regex@1.0.0
89 silly currentTree ├── filenamify@1.2.0
89 silly currentTree ├── find-index@0.1.1
89 silly currentTree ├─┬ find-up@1.0.0
89 silly currentTree │ └── path-exists@2.0.0
89 silly currentTree ├─┬ findup-sync@0.2.1
89 silly currentTree │ └── glob@4.3.5
89 silly currentTree ├── first-chunk-stream@1.0.0
89 silly currentTree ├── formatio@1.1.1
89 silly currentTree ├── get-proxy@1.0.1
89 silly currentTree ├── get-stdin@5.0.0
89 silly currentTree ├─┬ gh-got@1.1.0
89 silly currentTree │ └─┬ got@3.3.1
89 silly currentTree │   └── object-assign@3.0.0
89 silly currentTree ├── github-username@2.0.0
89 silly currentTree ├─┬ glob-stream@5.0.0
89 silly currentTree │ ├── readable-stream@1.0.33
89 silly currentTree │ └── through2@0.6.5
89 silly currentTree ├── glob@5.0.15
89 silly currentTree ├── glob2base@0.0.12
89 silly currentTree ├─┬ globby@2.1.0
89 silly currentTree │ └── object-assign@3.0.0
89 silly currentTree ├─┬ got@4.2.0
89 silly currentTree │ └── object-assign@3.0.0
89 silly currentTree ├── graceful-fs@4.1.2
89 silly currentTree ├── graceful-readlink@1.0.1
89 silly currentTree ├─┬ grouped-queue@0.3.0
89 silly currentTree │ └── lodash@2.4.2
89 silly currentTree ├── gruntfile-editor@1.0.0
89 silly currentTree ├── gulp-decompress@1.1.0
89 silly currentTree ├── gulp-rename@1.2.2
89 silly currentTree ├── gulp-sourcemaps@1.6.0
89 silly currentTree ├─┬ gulp-util@3.0.6
89 silly currentTree │ ├── object-assign@3.0.0
89 silly currentTree │ └── vinyl@0.5.3
89 silly currentTree ├── has-ansi@2.0.0
89 silly currentTree ├── hosted-git-info@2.1.4
89 silly currentTree ├── html-wiring@1.2.0
89 silly currentTree ├─┬ htmlparser2@3.8.3
89 silly currentTree │ ├── domutils@1.5.1
89 silly currentTree │ ├── entities@1.0.0
89 silly currentTree │ └── readable-stream@1.1.13
89 silly currentTree ├── indent-string@2.1.0
89 silly currentTree ├── infinity-agent@2.0.3
89 silly currentTree ├── inflight@1.0.4
89 silly currentTree ├── inherits@2.0.1
89 silly currentTree ├── ini@1.3.4
89 silly currentTree ├─┬ inquirer@0.8.5
89 silly currentTree │ └── ansi-regex@1.1.1
89 silly currentTree ├── is-absolute@0.1.7
89 silly currentTree ├── is-builtin-module@1.0.0
89 silly currentTree ├── is-bzip2@1.0.0
89 silly currentTree ├── is-finite@1.0.1
89 silly currentTree ├── is-gzip@1.0.0
89 silly currentTree ├── is-natural-number@2.0.0
89 silly currentTree ├── is-obj@1.0.0
89 silly currentTree ├── is-plain-obj@1.0.0
89 silly currentTree ├── is-redirect@1.0.0
89 silly currentTree ├── is-relative@0.1.3
89 silly currentTree ├── is-stream@1.0.1
89 silly currentTree ├── is-tar@1.0.0
89 silly currentTree ├── is-url@1.2.1
89 silly currentTree ├── is-utf8@0.2.0
89 silly currentTree ├── is-valid-glob@0.3.0
89 silly currentTree ├── is-zip@1.0.0
89 silly currentTree ├── isarray@0.0.1
89 silly currentTree ├── isstream@0.1.2
89 silly currentTree ├── istextorbinary@1.0.2
89 silly currentTree ├── levn@0.2.5
89 silly currentTree ├── load-json-file@1.0.1
89 silly currentTree ├── lodash._basecopy@3.0.1
89 silly currentTree ├── lodash._basetostring@3.0.1
89 silly currentTree ├── lodash._basevalues@3.0.0
89 silly currentTree ├── lodash._getnative@3.9.1
89 silly currentTree ├── lodash._isiterateecall@3.0.9
89 silly currentTree ├── lodash._reescape@3.0.0
89 silly currentTree ├── lodash._reevaluate@3.0.0
89 silly currentTree ├── lodash._reinterpolate@3.0.0
89 silly currentTree ├── lodash.escape@3.0.0
89 silly currentTree ├── lodash.isarguments@3.0.4
89 silly currentTree ├── lodash.isarray@3.0.4
89 silly currentTree ├── lodash.keys@3.1.2
89 silly currentTree ├── lodash.restparam@3.6.1
89 silly currentTree ├── lodash.template@3.6.2
89 silly currentTree ├── lodash.templatesettings@3.1.0
89 silly currentTree ├── lodash@3.10.1
89 silly currentTree ├── log-symbols@1.0.2
89 silly currentTree ├── lolex@1.3.2
89 silly currentTree ├── loud-rejection@1.0.0
89 silly currentTree ├── lowercase-keys@1.0.0
89 silly currentTree ├── lru-cache@2.7.0
89 silly currentTree ├── map-obj@1.0.1
89 silly currentTree ├─┬ mem-fs-editor@2.0.4
89 silly currentTree │ └── vinyl@0.5.3
89 silly currentTree ├─┬ mem-fs@1.1.0
89 silly currentTree │ ├── clone@0.2.0
89 silly currentTree │ ├── readable-stream@1.0.33
89 silly currentTree │ ├── through2@0.6.5
89 silly currentTree │ └── vinyl@0.4.6
89 silly currentTree ├─┬ meow@3.4.2
89 silly currentTree │ └── object-assign@4.0.1
89 silly currentTree ├── merge-stream@1.0.0
89 silly currentTree ├── mime@1.3.4
89 silly currentTree ├── minimatch@2.0.10
89 silly currentTree ├── minimist@1.2.0
89 silly currentTree ├─┬ mkdirp@0.5.1
89 silly currentTree │ └── minimist@0.0.8
89 silly currentTree ├── ms@0.7.1
89 silly currentTree ├── multimatch@2.0.0
89 silly currentTree ├─┬ multipipe@0.1.2
89 silly currentTree │ ├── duplexer2@0.0.2
89 silly currentTree │ └── readable-stream@1.1.13
89 silly currentTree ├── mute-stream@0.0.4
89 silly currentTree ├── nested-error-stacks@1.0.1
89 silly currentTree ├── node-status-codes@1.0.0
89 silly currentTree ├── nopt@3.0.4
89 silly currentTree ├── normalize-package-data@2.3.4
89 silly currentTree ├── nth-check@1.0.1
89 silly currentTree ├── number-is-nan@1.0.0
89 silly currentTree ├── object-assign@2.1.1
89 silly currentTree ├── once@1.3.2
89 silly currentTree ├── onetime@1.0.0
89 silly currentTree ├── optionator@0.5.0
89 silly currentTree ├─┬ ordered-read-streams@0.2.0
89 silly currentTree │ └── readable-stream@1.1.13
89 silly currentTree ├── os-homedir@1.0.1
89 silly currentTree ├── os-shim@0.1.3
89 silly currentTree ├── parse-json@2.2.0
89 silly currentTree ├── path-exists@1.0.0
89 silly currentTree ├── path-is-absolute@1.0.0
89 silly currentTree ├── path-type@1.0.0
89 silly currentTree ├── pend@1.2.0
89 silly currentTree ├── pify@2.2.0
89 silly currentTree ├── pinkie-promise@1.0.0
89 silly currentTree ├── pinkie@1.0.0
89 silly currentTree ├── prelude-ls@1.1.2
89 silly currentTree ├── prepend-http@1.0.3
89 silly currentTree ├─┬ pretty-bytes@2.0.1
89 silly currentTree │ └── get-stdin@4.0.1
89 silly currentTree ├── process-nextick-args@1.0.3
89 silly currentTree ├─┬ rc@0.5.5
89 silly currentTree │ └── minimist@0.0.10
89 silly currentTree ├── read-all-stream@3.0.1
89 silly currentTree ├── read-chunk@1.0.1
89 silly currentTree ├── read-pkg-up@1.0.1
89 silly currentTree ├── read-pkg@1.1.0
89 silly currentTree ├── readable-stream@2.0.2
89 silly currentTree ├─┬ readline2@0.1.1
89 silly currentTree │ ├── ansi-regex@1.1.1
89 silly currentTree │ └── strip-ansi@2.0.1
89 silly currentTree ├── redent@1.0.0
89 silly currentTree ├── repeating@2.0.0
89 silly currentTree ├── replace-ext@0.0.1
89 silly currentTree ├── rimraf@2.4.3
89 silly currentTree ├── run-async@0.1.0
89 silly currentTree ├── rx@2.5.3
89 silly currentTree ├── samsam@1.1.2
89 silly currentTree ├── seek-bzip@1.0.5
89 silly currentTree ├── semver@5.0.3
89 silly currentTree ├── set-immediate-shim@1.0.1
89 silly currentTree ├── setimmediate@1.0.4
89 silly currentTree ├── shelljs@0.5.3
89 silly currentTree ├── sinon@1.17.1
89 silly currentTree ├── source-map@0.2.0
89 silly currentTree ├── spawn-sync@1.0.13
89 silly currentTree ├── spdx-correct@1.0.1
89 silly currentTree ├── spdx-exceptions@1.0.3
89 silly currentTree ├── spdx-expression-parse@1.0.0
89 silly currentTree ├── spdx-license-ids@1.0.2
89 silly currentTree ├── stat-mode@0.2.1
89 silly currentTree ├── stream-combiner2@1.1.1
89 silly currentTree ├── string_decoder@0.10.31
89 silly currentTree ├── strip-ansi@3.0.0
89 silly currentTree ├── strip-bom-stream@1.0.0
89 silly currentTree ├── strip-bom@2.0.0
89 silly currentTree ├─┬ strip-dirs@1.1.1
89 silly currentTree │ └── get-stdin@4.0.1
89 silly currentTree ├─┬ strip-indent@1.0.1
89 silly currentTree │ └── get-stdin@4.0.1
89 silly currentTree ├── strip-json-comments@0.1.3
89 silly currentTree ├── strip-outer@1.0.0
89 silly currentTree ├── sum-up@1.0.2
89 silly currentTree ├── supports-color@2.0.0
89 silly currentTree ├── tar-stream@1.2.2
89 silly currentTree ├── text-table@0.2.0
89 silly currentTree ├── textextensions@1.0.1
89 silly currentTree ├── through@2.3.8
89 silly currentTree ├── through2-filter@2.0.0
89 silly currentTree ├── through2@2.0.0
89 silly currentTree ├── timed-out@2.0.0
89 silly currentTree ├── traverse@0.6.6
89 silly currentTree ├── trim-newlines@1.0.0
89 silly currentTree ├── trim-repeated@1.0.0
89 silly currentTree ├── tunnel-agent@0.4.1
89 silly currentTree ├── type-check@0.3.1
89 silly currentTree ├── typedarray@0.0.6
89 silly currentTree ├── underscore.string@3.2.2
89 silly currentTree ├── unique-stream@2.2.0
89 silly currentTree ├── untildify@2.1.0
89 silly currentTree ├── unzip-response@1.0.0
89 silly currentTree ├── user-home@2.0.0
89 silly currentTree ├── util-deprecate@1.0.2
89 silly currentTree ├── util@0.10.3
89 silly currentTree ├── uuid@2.0.1
89 silly currentTree ├── validate-npm-package-license@3.0.1
89 silly currentTree ├─┬ vinyl-assign@1.2.1
89 silly currentTree │ └── object-assign@4.0.1
89 silly currentTree ├─┬ vinyl-file@1.2.1
89 silly currentTree │ └── vinyl@0.5.3
89 silly currentTree ├─┬ vinyl-fs@2.2.0
89 silly currentTree │ └── object-assign@4.0.1
89 silly currentTree ├── vinyl@1.0.0
89 silly currentTree ├── ware@1.3.0
89 silly currentTree ├── which@1.2.0
89 silly currentTree ├── wordwrap@0.0.3
89 silly currentTree ├── wrap-fn@0.1.4
89 silly currentTree ├── wrappy@1.0.1
89 silly currentTree ├── xdg-basedir@2.0.0
89 silly currentTree ├── xtend@4.0.0
89 silly currentTree ├── yauzl@2.3.1
89 silly currentTree ├── yeoman-assert@2.1.0
89 silly currentTree ├─┬ yeoman-environment@1.2.7
89 silly currentTree │ └── diff@1.4.0
89 silly currentTree ├── yeoman-generator@0.20.3
89 silly currentTree └── yeoman-welcome@1.0.1
90 silly idealTree generator-mod-gongyi@1.0.0
90 silly idealTree ├── abbrev@1.0.7
90 silly idealTree ├── amdefine@1.0.0
90 silly idealTree ├── ansi-regex@2.0.0
90 silly idealTree ├── ansi-styles@2.1.0
90 silly idealTree ├── archive-type@3.0.1
90 silly idealTree ├── array-differ@1.0.0
90 silly idealTree ├── array-union@1.0.1
90 silly idealTree ├── array-uniq@1.0.2
90 silly idealTree ├── ast-query@1.0.1
90 silly idealTree ├── async@1.4.2
90 silly idealTree ├── balanced-match@0.2.0
90 silly idealTree ├── beeper@1.1.0
90 silly idealTree ├── binaryextensions@1.0.0
90 silly idealTree ├── bl@1.0.0
90 silly idealTree ├── boolbase@1.0.0
90 silly idealTree ├── brace-expansion@1.1.1
90 silly idealTree ├─┬ buffer-to-vinyl@1.0.1
90 silly idealTree │ └── vinyl@0.5.3
90 silly idealTree ├── builtin-modules@1.1.0
90 silly idealTree ├── camelcase-keys@1.0.0
90 silly idealTree ├── camelcase@1.2.1
90 silly idealTree ├── capture-stack-trace@1.0.0
90 silly idealTree ├─┬ caw@1.1.0
90 silly idealTree │ └── object-assign@3.0.0
90 silly idealTree ├── chalk@1.1.1
90 silly idealTree ├── cheerio@0.19.0
90 silly idealTree ├── class-extend@0.1.2
90 silly idealTree ├── cli-table@0.3.1
90 silly idealTree ├── cli-width@1.1.0
90 silly idealTree ├── clone-stats@0.0.1
90 silly idealTree ├── clone@1.0.2
90 silly idealTree ├── co@3.1.0
90 silly idealTree ├── colors@1.0.3
90 silly idealTree ├── commander@2.8.1
90 silly idealTree ├── commondir@1.0.1
90 silly idealTree ├── concat-map@0.0.1
90 silly idealTree ├── concat-stream@1.5.0
90 silly idealTree ├── convert-source-map@1.1.1
90 silly idealTree ├── core-util-is@1.0.1
90 silly idealTree ├── create-error-class@2.0.1
90 silly idealTree ├── cross-spawn-async@2.0.0
90 silly idealTree ├── cross-spawn@2.0.0
90 silly idealTree ├── css-select@1.0.0
90 silly idealTree ├── css-what@1.0.0
90 silly idealTree ├── dargs@4.0.1
90 silly idealTree ├── dateformat@1.0.11
90 silly idealTree ├── debug@2.2.0
90 silly idealTree ├─┬ decompress-tar@3.1.0
90 silly idealTree │ ├── clone@0.2.0
90 silly idealTree │ ├── readable-stream@1.0.33
90 silly idealTree │ ├── through2@0.6.5
90 silly idealTree │ └── vinyl@0.4.6
90 silly idealTree ├─┬ decompress-tarbz2@3.1.0
90 silly idealTree │ ├── clone@0.2.0
90 silly idealTree │ ├── readable-stream@1.0.33
90 silly idealTree │ ├── through2@0.6.5
90 silly idealTree │ └── vinyl@0.4.6
90 silly idealTree ├─┬ decompress-targz@3.1.0
90 silly idealTree │ ├── clone@0.2.0
90 silly idealTree │ ├── readable-stream@1.0.33
90 silly idealTree │ ├── through2@0.6.5
90 silly idealTree │ └── vinyl@0.4.6
90 silly idealTree ├── decompress-unzip@3.4.0
90 silly idealTree ├── decompress@2.3.0
90 silly idealTree ├── deep-extend@0.2.11
90 silly idealTree ├── deep-is@0.1.3
90 silly idealTree ├── detect-conflict@1.0.0
90 silly idealTree ├─┬ detect-newline@1.0.3
90 silly idealTree │ └── get-stdin@4.0.1
90 silly idealTree ├── diff@2.1.3
90 silly idealTree ├─┬ dom-serializer@0.1.0
90 silly idealTree │ └── domelementtype@1.1.3
90 silly idealTree ├── domelementtype@1.3.0
90 silly idealTree ├── domhandler@2.3.0
90 silly idealTree ├── domutils@1.4.3
90 silly idealTree ├─┬ download@4.3.1
90 silly idealTree │ └── object-assign@4.0.1
90 silly idealTree ├── duplexer2@0.1.2
90 silly idealTree ├── duplexify@3.4.2
90 silly idealTree ├── each-async@1.1.1
90 silly idealTree ├── ejs@2.3.4
90 silly idealTree ├── end-of-stream@1.0.0
90 silly idealTree ├── entities@1.1.1
90 silly idealTree ├── error-ex@1.2.0
90 silly idealTree ├── escape-string-regexp@1.0.3
90 silly idealTree ├─┬ escodegen@1.7.0
90 silly idealTree │ └── esprima@1.2.5
90 silly idealTree ├── esprima@2.6.0
90 silly idealTree ├── estraverse@1.9.3
90 silly idealTree ├── esutils@2.0.2
90 silly idealTree ├── fast-levenshtein@1.0.7
90 silly idealTree ├── fd-slicer@1.0.1
90 silly idealTree ├── figures@1.4.0
90 silly idealTree ├── file-type@2.12.0
90 silly idealTree ├── filename-reserved-regex@1.0.0
90 silly idealTree ├── filenamify@1.2.0
90 silly idealTree ├── find-index@0.1.1
90 silly idealTree ├─┬ find-up@1.0.0
90 silly idealTree │ └── path-exists@2.0.0
90 silly idealTree ├─┬ findup-sync@0.2.1
90 silly idealTree │ └── glob@4.3.5
90 silly idealTree ├── first-chunk-stream@1.0.0
90 silly idealTree ├── formatio@1.1.1
90 silly idealTree ├── get-proxy@1.0.1
90 silly idealTree ├── get-stdin@5.0.0
90 silly idealTree ├─┬ gh-got@1.1.0
90 silly idealTree │ └─┬ got@3.3.1
90 silly idealTree │   └── object-assign@3.0.0
90 silly idealTree ├── github-username@2.0.0
90 silly idealTree ├─┬ glob-stream@5.0.0
90 silly idealTree │ ├── readable-stream@1.0.33
90 silly idealTree │ └── through2@0.6.5
90 silly idealTree ├── glob@5.0.15
90 silly idealTree ├── glob2base@0.0.12
90 silly idealTree ├─┬ globby@2.1.0
90 silly idealTree │ └── object-assign@3.0.0
90 silly idealTree ├─┬ got@4.2.0
90 silly idealTree │ └── object-assign@3.0.0
90 silly idealTree ├── graceful-fs@4.1.2
90 silly idealTree ├── graceful-readlink@1.0.1
90 silly idealTree ├─┬ grouped-queue@0.3.0
90 silly idealTree │ └── lodash@2.4.2
90 silly idealTree ├── gruntfile-editor@1.0.0
90 silly idealTree ├── gulp-decompress@1.1.0
90 silly idealTree ├── gulp-rename@1.2.2
90 silly idealTree ├── gulp-sourcemaps@1.6.0
90 silly idealTree ├─┬ gulp-util@3.0.6
90 silly idealTree │ ├── object-assign@3.0.0
90 silly idealTree │ └── vinyl@0.5.3
90 silly idealTree ├── has-ansi@2.0.0
90 silly idealTree ├── hosted-git-info@2.1.4
90 silly idealTree ├── html-wiring@1.2.0
90 silly idealTree ├─┬ htmlparser2@3.8.3
90 silly idealTree │ ├── domutils@1.5.1
90 silly idealTree │ ├── entities@1.0.0
90 silly idealTree │ └── readable-stream@1.1.13
90 silly idealTree ├── indent-string@2.1.0
90 silly idealTree ├── infinity-agent@2.0.3
90 silly idealTree ├── inflight@1.0.4
90 silly idealTree ├── inherits@2.0.1
90 silly idealTree ├── ini@1.3.4
90 silly idealTree ├─┬ inquirer@0.8.5
90 silly idealTree │ └── ansi-regex@1.1.1
90 silly idealTree ├── is-absolute@0.1.7
90 silly idealTree ├── is-builtin-module@1.0.0
90 silly idealTree ├── is-bzip2@1.0.0
90 silly idealTree ├── is-finite@1.0.1
90 silly idealTree ├── is-gzip@1.0.0
90 silly idealTree ├── is-natural-number@2.0.0
90 silly idealTree ├── is-obj@1.0.0
90 silly idealTree ├── is-plain-obj@1.0.0
90 silly idealTree ├── is-redirect@1.0.0
90 silly idealTree ├── is-relative@0.1.3
90 silly idealTree ├── is-stream@1.0.1
90 silly idealTree ├── is-tar@1.0.0
90 silly idealTree ├── is-url@1.2.1
90 silly idealTree ├── is-utf8@0.2.0
90 silly idealTree ├── is-valid-glob@0.3.0
90 silly idealTree ├── is-zip@1.0.0
90 silly idealTree ├── isarray@0.0.1
90 silly idealTree ├── isstream@0.1.2
90 silly idealTree ├── istextorbinary@1.0.2
90 silly idealTree ├── levn@0.2.5
90 silly idealTree ├── load-json-file@1.0.1
90 silly idealTree ├── lodash._basecopy@3.0.1
90 silly idealTree ├── lodash._basetostring@3.0.1
90 silly idealTree ├── lodash._basevalues@3.0.0
90 silly idealTree ├── lodash._getnative@3.9.1
90 silly idealTree ├── lodash._isiterateecall@3.0.9
90 silly idealTree ├── lodash._reescape@3.0.0
90 silly idealTree ├── lodash._reevaluate@3.0.0
90 silly idealTree ├── lodash._reinterpolate@3.0.0
90 silly idealTree ├── lodash.escape@3.0.0
90 silly idealTree ├── lodash.isarguments@3.0.4
90 silly idealTree ├── lodash.isarray@3.0.4
90 silly idealTree ├── lodash.keys@3.1.2
90 silly idealTree ├── lodash.restparam@3.6.1
90 silly idealTree ├── lodash.template@3.6.2
90 silly idealTree ├── lodash.templatesettings@3.1.0
90 silly idealTree ├── lodash@3.10.1
90 silly idealTree ├── log-symbols@1.0.2
90 silly idealTree ├── lolex@1.3.2
90 silly idealTree ├── loud-rejection@1.0.0
90 silly idealTree ├── lowercase-keys@1.0.0
90 silly idealTree ├── lru-cache@2.7.0
90 silly idealTree ├── map-obj@1.0.1
90 silly idealTree ├─┬ mem-fs-editor@2.0.4
90 silly idealTree │ └── vinyl@0.5.3
90 silly idealTree ├─┬ mem-fs@1.1.0
90 silly idealTree │ ├── clone@0.2.0
90 silly idealTree │ ├── readable-stream@1.0.33
90 silly idealTree │ ├── through2@0.6.5
90 silly idealTree │ └── vinyl@0.4.6
90 silly idealTree ├─┬ meow@3.4.2
90 silly idealTree │ └── object-assign@4.0.1
90 silly idealTree ├── merge-stream@1.0.0
90 silly idealTree ├── mime@1.3.4
90 silly idealTree ├── minimatch@2.0.10
90 silly idealTree ├── minimist@1.2.0
90 silly idealTree ├─┬ mkdirp@0.5.1
90 silly idealTree │ └── minimist@0.0.8
90 silly idealTree ├── ms@0.7.1
90 silly idealTree ├── multimatch@2.0.0
90 silly idealTree ├─┬ multipipe@0.1.2
90 silly idealTree │ ├── duplexer2@0.0.2
90 silly idealTree │ └── readable-stream@1.1.13
90 silly idealTree ├── mute-stream@0.0.4
90 silly idealTree ├── nested-error-stacks@1.0.1
90 silly idealTree ├── node-status-codes@1.0.0
90 silly idealTree ├── nopt@3.0.4
90 silly idealTree ├── normalize-package-data@2.3.4
90 silly idealTree ├── nth-check@1.0.1
90 silly idealTree ├── number-is-nan@1.0.0
90 silly idealTree ├── object-assign@2.1.1
90 silly idealTree ├── once@1.3.2
90 silly idealTree ├── onetime@1.0.0
90 silly idealTree ├── optionator@0.5.0
90 silly idealTree ├─┬ ordered-read-streams@0.2.0
90 silly idealTree │ └── readable-stream@1.1.13
90 silly idealTree ├── os-homedir@1.0.1
90 silly idealTree ├── os-shim@0.1.3
90 silly idealTree ├── parse-json@2.2.0
90 silly idealTree ├── path-exists@1.0.0
90 silly idealTree ├── path-is-absolute@1.0.0
90 silly idealTree ├── path-type@1.0.0
90 silly idealTree ├── pend@1.2.0
90 silly idealTree ├── pify@2.2.0
90 silly idealTree ├── pinkie-promise@1.0.0
90 silly idealTree ├── pinkie@1.0.0
90 silly idealTree ├── prelude-ls@1.1.2
90 silly idealTree ├── prepend-http@1.0.3
90 silly idealTree ├─┬ pretty-bytes@2.0.1
90 silly idealTree │ └── get-stdin@4.0.1
90 silly idealTree ├── process-nextick-args@1.0.3
90 silly idealTree ├─┬ rc@0.5.5
90 silly idealTree │ └── minimist@0.0.10
90 silly idealTree ├── read-all-stream@3.0.1
90 silly idealTree ├── read-chunk@1.0.1
90 silly idealTree ├── read-pkg-up@1.0.1
90 silly idealTree ├── read-pkg@1.1.0
90 silly idealTree ├── readable-stream@2.0.2
90 silly idealTree ├─┬ readline2@0.1.1
90 silly idealTree │ ├── ansi-regex@1.1.1
90 silly idealTree │ └── strip-ansi@2.0.1
90 silly idealTree ├── redent@1.0.0
90 silly idealTree ├── repeating@2.0.0
90 silly idealTree ├── replace-ext@0.0.1
90 silly idealTree ├── rimraf@2.4.3
90 silly idealTree ├── run-async@0.1.0
90 silly idealTree ├── rx@2.5.3
90 silly idealTree ├── samsam@1.1.2
90 silly idealTree ├── seek-bzip@1.0.5
90 silly idealTree ├── semver@5.0.3
90 silly idealTree ├── set-immediate-shim@1.0.1
90 silly idealTree ├── setimmediate@1.0.4
90 silly idealTree ├── shelljs@0.5.3
90 silly idealTree ├── sinon@1.17.1
90 silly idealTree ├── source-map@0.2.0
90 silly idealTree ├── spawn-sync@1.0.13
90 silly idealTree ├── spdx-correct@1.0.1
90 silly idealTree ├── spdx-exceptions@1.0.3
90 silly idealTree ├── spdx-expression-parse@1.0.0
90 silly idealTree ├── spdx-license-ids@1.0.2
90 silly idealTree ├── stat-mode@0.2.1
90 silly idealTree ├── stream-combiner2@1.1.1
90 silly idealTree ├── string_decoder@0.10.31
90 silly idealTree ├── strip-ansi@3.0.0
90 silly idealTree ├── strip-bom-stream@1.0.0
90 silly idealTree ├── strip-bom@2.0.0
90 silly idealTree ├─┬ strip-dirs@1.1.1
90 silly idealTree │ └── get-stdin@4.0.1
90 silly idealTree ├─┬ strip-indent@1.0.1
90 silly idealTree │ └── get-stdin@4.0.1
90 silly idealTree ├── strip-json-comments@0.1.3
90 silly idealTree ├── strip-outer@1.0.0
90 silly idealTree ├── sum-up@1.0.2
90 silly idealTree ├── supports-color@2.0.0
90 silly idealTree ├── tar-stream@1.2.2
90 silly idealTree ├── text-table@0.2.0
90 silly idealTree ├── textextensions@1.0.1
90 silly idealTree ├── through@2.3.8
90 silly idealTree ├── through2-filter@2.0.0
90 silly idealTree ├── through2@2.0.0
90 silly idealTree ├── timed-out@2.0.0
90 silly idealTree ├── traverse@0.6.6
90 silly idealTree ├── trim-newlines@1.0.0
90 silly idealTree ├── trim-repeated@1.0.0
90 silly idealTree ├── tunnel-agent@0.4.1
90 silly idealTree ├── type-check@0.3.1
90 silly idealTree ├── typedarray@0.0.6
90 silly idealTree ├── underscore.string@3.2.2
90 silly idealTree ├── unique-stream@2.2.0
90 silly idealTree ├── untildify@2.1.0
90 silly idealTree ├── unzip-response@1.0.0
90 silly idealTree ├── user-home@2.0.0
90 silly idealTree ├── util-deprecate@1.0.2
90 silly idealTree ├── util@0.10.3
90 silly idealTree ├── uuid@2.0.1
90 silly idealTree ├── validate-npm-package-license@3.0.1
90 silly idealTree ├─┬ vinyl-assign@1.2.1
90 silly idealTree │ └── object-assign@4.0.1
90 silly idealTree ├─┬ vinyl-file@1.2.1
90 silly idealTree │ └── vinyl@0.5.3
90 silly idealTree ├─┬ vinyl-fs@2.2.0
90 silly idealTree │ └── object-assign@4.0.1
90 silly idealTree ├── vinyl@1.0.0
90 silly idealTree ├── ware@1.3.0
90 silly idealTree ├── which@1.2.0
90 silly idealTree ├── wordwrap@0.0.3
90 silly idealTree ├── wrap-fn@0.1.4
90 silly idealTree ├── wrappy@1.0.1
90 silly idealTree ├── xdg-basedir@2.0.0
90 silly idealTree ├── xtend@4.0.0
90 silly idealTree ├── yauzl@2.3.1
90 silly idealTree ├── yeoman-assert@2.1.0
90 silly idealTree ├─┬ yeoman-environment@1.2.7
90 silly idealTree │ └── diff@1.4.0
90 silly idealTree ├── yeoman-generator@0.20.3
90 silly idealTree └── yeoman-welcome@1.0.1
91 silly generateActionsToTake Starting
92 silly install generateActionsToTake
93 warn checkPermissions Missing write access to /Users/XDD-DESIGN/Desktop/generator-mod-gongyi/node_modules
94 silly rollbackFailedOptional Starting
95 silly rollbackFailedOptional Finishing
96 silly runTopLevelLifecycles Starting
97 silly runTopLevelLifecycles Finishing
98 silly install printInstalled
99 warn EPACKAGEJSON generator-mod-gongyi@1.0.0 No repository field.
100 verbose stack Error: EACCES: permission denied, access '/Users/XDD-DESIGN/Desktop/generator-mod-gongyi/node_modules'
100 verbose stack     at Error (native)
101 verbose cwd /Users/XDD-DESIGN/Desktop/generator-mod-gongyi
102 error Darwin 14.3.0
103 error argv "/usr/local/bin/node" "/usr/local/bin/npm" "install" "--save" "mkdirp"
104 error node v4.1.2
105 error npm  v3.3.6
106 error path /Users/XDD-DESIGN/Desktop/generator-mod-gongyi/node_modules
107 error code EACCES
108 error errno -13
109 error syscall access
110 error Error: EACCES: permission denied, access '/Users/XDD-DESIGN/Desktop/generator-mod-gongyi/node_modules'
110 error     at Error (native)
110 error  { [Error: EACCES: permission denied, access '/Users/XDD-DESIGN/Desktop/generator-mod-gongyi/node_modules']
110 error   errno: -13,
110 error   code: 'EACCES',
110 error   syscall: 'access',
110 error   path: '/Users/XDD-DESIGN/Desktop/generator-mod-gongyi/node_modules' }
111 error Please try running this command again as root/Administrator.
112 verbose exit [ -13, true ]
